[debug] [2025-12-16T20:38:06.251Z] ----------------------------------------------------------------------
[debug] [2025-12-16T20:38:06.255Z] Command:       /usr/local/bin/node /usr/local/bin/firebase deploy --only functions
[debug] [2025-12-16T20:38:06.256Z] CLI Version:   15.0.0
[debug] [2025-12-16T20:38:06.256Z] Platform:      darwin
[debug] [2025-12-16T20:38:06.256Z] Node Version:  v24.12.0
[debug] [2025-12-16T20:38:06.256Z] Time:          Wed Dec 17 2025 04:38:06 GMT+0800 (台北標準時間)
[debug] [2025-12-16T20:38:06.256Z] ----------------------------------------------------------------------
[debug] 
[debug] [2025-12-16T20:38:06.890Z] > command requires scopes: ["email","openid","https://www.googleapis.com/auth/cloudplatformprojects.readonly","https://www.googleapis.com/auth/firebase","https://www.googleapis.com/auth/cloud-platform"]
[debug] [2025-12-16T20:38:06.890Z] > authorizing via signed-in user (jye90210@gmail.com)
[debug] [2025-12-16T20:38:06.890Z] [iam] checking project cc-isle for permissions ["cloudfunctions.functions.create","cloudfunctions.functions.delete","cloudfunctions.functions.get","cloudfunctions.functions.list","cloudfunctions.functions.update","cloudfunctions.operations.get","firebase.projects.get"]
[debug] [2025-12-16T20:38:06.891Z] Checked if tokens are valid: true, expires at: 1765918934675
[debug] [2025-12-16T20:38:06.891Z] Checked if tokens are valid: true, expires at: 1765918934675
[debug] [2025-12-16T20:38:06.891Z] >>> [apiv2][query] POST https://cloudresourcemanager.googleapis.com/v1/projects/cc-isle:testIamPermissions [none]
[debug] [2025-12-16T20:38:06.891Z] >>> [apiv2][(partial)header] POST https://cloudresourcemanager.googleapis.com/v1/projects/cc-isle:testIamPermissions x-goog-quota-user=projects/cc-isle
[debug] [2025-12-16T20:38:06.891Z] >>> [apiv2][body] POST https://cloudresourcemanager.googleapis.com/v1/projects/cc-isle:testIamPermissions {"permissions":["cloudfunctions.functions.create","cloudfunctions.functions.delete","cloudfunctions.functions.get","cloudfunctions.functions.list","cloudfunctions.functions.update","cloudfunctions.operations.get","firebase.projects.get"]}
[debug] [2025-12-16T20:38:07.710Z] <<< [apiv2][status] POST https://cloudresourcemanager.googleapis.com/v1/projects/cc-isle:testIamPermissions 200
[debug] [2025-12-16T20:38:07.711Z] <<< [apiv2][body] POST https://cloudresourcemanager.googleapis.com/v1/projects/cc-isle:testIamPermissions {"permissions":["cloudfunctions.functions.create","cloudfunctions.functions.delete","cloudfunctions.functions.get","cloudfunctions.functions.list","cloudfunctions.functions.update","cloudfunctions.operations.get","firebase.projects.get"]}
[debug] [2025-12-16T20:38:07.711Z] Checked if tokens are valid: true, expires at: 1765918934675
[debug] [2025-12-16T20:38:07.711Z] Checked if tokens are valid: true, expires at: 1765918934675
[debug] [2025-12-16T20:38:07.711Z] >>> [apiv2][query] POST https://iam.googleapis.com/v1/projects/cc-isle/serviceAccounts/cc-isle@appspot.gserviceaccount.com:testIamPermissions [none]
[debug] [2025-12-16T20:38:07.711Z] >>> [apiv2][body] POST https://iam.googleapis.com/v1/projects/cc-isle/serviceAccounts/cc-isle@appspot.gserviceaccount.com:testIamPermissions {"permissions":["iam.serviceAccounts.actAs"]}
[debug] [2025-12-16T20:38:08.793Z] <<< [apiv2][status] POST https://iam.googleapis.com/v1/projects/cc-isle/serviceAccounts/cc-isle@appspot.gserviceaccount.com:testIamPermissions 200
[debug] [2025-12-16T20:38:08.793Z] <<< [apiv2][body] POST https://iam.googleapis.com/v1/projects/cc-isle/serviceAccounts/cc-isle@appspot.gserviceaccount.com:testIamPermissions {"permissions":["iam.serviceAccounts.actAs"]}
[info] 
[info] === Deploying to 'cc-isle'...
[info] 
[info] i  deploying functions 
[info] Running command: npm --prefix "$RESOURCE_DIR" run build
